#
# There is insufficient memory for the Java Runtime Environment to continue.
# Native memory allocation (mmap) failed to map 134217728 bytes for G1 virtual space
# Possible reasons:
#   The system is out of physical RAM or swap space
#   The process is running with CompressedOops enabled, and the Java Heap may be blocking the growth of the native heap
# Possible solutions:
#   Reduce memory load on the system
#   Increase physical memory or swap space
#   Check if swap backing store is full
#   Decrease Java heap size (-Xmx/-Xms)
#   Decrease number of Java threads
#   Decrease Java thread stack sizes (-Xss)
#   Set larger code cache with -XX:ReservedCodeCacheSize=
#   JVM is running with Unscaled Compressed Oops mode in which the Java heap is
#     placed in the first 4GB address space. The Java Heap base address is the
#     maximum limit for the native heap growth. Please use -XX:HeapBaseMinAddress
#     to set the Java Heap base and to place the Java Heap above 4GB virtual address.
# This output file may be truncated or incomplete.
#
#  Out of Memory Error (os_windows.cpp:3825), pid=2428, tid=2104
#
# JRE version:  (17.0.10+8) (build )
# Java VM: OpenJDK 64-Bit Server VM (17.0.10+8-b1207.12, mixed mode, sharing, tiered, compressed oops, compressed class ptrs, g1 gc, windows-amd64)
# No core dump will be written. Minidumps are not enabled by default on client versions of Windows
#

---------------  S U M M A R Y ------------

Command Line: git4idea.http.GitAskPassApp Username for 'https://github.com': 

Host: Intel(R) Core(TM) i5-6500 CPU @ 3.20GHz, 4 cores, 7G,  Windows 11 , 64 bit Build 22621 (10.0.22621.3958)
Time: Wed Oct 16 17:12:40 2024 India Standard Time elapsed time: 0.017126 seconds (0d 0h 0m 0s)

---------------  T H R E A D  ---------------

Current thread (0x000001c8807ada30):  JavaThread "Unknown thread" [_thread_in_vm, id=2104, stack(0x0000005557f00000,0x0000005558000000)]

Stack: [0x0000005557f00000,0x0000005558000000]
Native frames: (J=compiled Java code, j=interpreted, Vv=VM code, C=native code)
V  [jvm.dll+0x687989]
V  [jvm.dll+0x84116a]
V  [jvm.dll+0x842dae]
V  [jvm.dll+0x843413]
V  [jvm.dll+0x249ccf]
V  [jvm.dll+0x684759]
V  [jvm.dll+0x67900a]
V  [jvm.dll+0x30ab0b]
V  [jvm.dll+0x311fb6]
V  [jvm.dll+0x361d5e]
V  [jvm.dll+0x361f8f]
V  [jvm.dll+0x2e07f8]
V  [jvm.dll+0x2e1764]
V  [jvm.dll+0x811c31]
V  [jvm.dll+0x36fc11]
V  [jvm.dll+0x7f0666]
V  [jvm.dll+0x3f3daf]
V  [jvm.dll+0x3f5a41]
C  [jli.dll+0x528f]
C  [ucrtbase.dll+0x29333]
C  [KERNEL32.DLL+0x1257d]
C  [ntdll.dll+0x5af08]


---------------  P R O C E S S  ---------------

Threads class SMR info:
_java_thread_list=0x00007ff8061fdf58, length=0, elements={
}

Java Threads: ( => current thread )

Other Threads:
  0x000001c88298ca60 GCTaskThread "GC Thread#0" [stack: 0x0000005558000000,0x0000005558100000] [id=15200]
  0x000001c88299d670 ConcurrentGCThread "G1 Main Marker" [stack: 0x0000005558100000,0x0000005558200000] [id=12144]
  0x000001c88299e160 ConcurrentGCThread "G1 Conc#0" [stack: 0x0000005558200000,0x0000005558300000] [id=15272]

[error occurred during error reporting (printing all threads), id 0xc0000005, EXCEPTION_ACCESS_VIOLATION (0xc0000005) at pc=0x00007ff8059b13c7]

VM state: not at safepoint (not fully initialized)

VM Mutex/Monitor currently owned by a thread:  ([mutex/lock_event])
[0x000001c8829337d0] Heap_lock - owner thread: 0x000001c8807ada30

Heap address: 0x0000000081a00000, size: 2022 MB, Compressed Oops mode: 32-bit

CDS archive(s) mapped at: [0x0000000000000000-0x0000000000000000-0x0000000000000000), size 0, SharedBaseAddress: 0x0000000800000000, ArchiveRelocationMode: 1.
Narrow klass base: 0x0000000000000000, Narrow klass shift: 0, Narrow klass range: 0x0

GC Precious Log:
<Empty>

Heap:
 garbage-first heap   total 0K, used 0K [0x0000000081a00000, 0x0000000100000000)
  region size 1024K, 0 young (0K), 0 survivors (0K)
 Metaspace       used 0K, committed 0K, reserved 0K
  class space    used 0K, committed 0K, reserved 0K

Heap Regions: E=young(eden), S=young(survivor), O=old, HS=humongous(starts), HC=humongous(continues), CS=collection set, F=free, OA=open archive, CA=closed archive, TAMS=top-at-mark-start (previous, next)

Card table byte_map: [0x000001c8954a0000,0x000001c8958a0000] _byte_map_base: 0x000001c895093000

Marking Bits (Prev, Next): (CMBitMap*) 0x000001c88298d080, (CMBitMap*) 0x000001c88298d0c0
 Prev Bits: [0x000001c895ca0000, 0x000001c897c38000)
 Next Bits: [0x000001c897c40000, 0x000001c899bd8000)

GC Heap History (0 events):
No events

Dll operation events (1 events):
Event: 0.009 Loaded shared library C:\Program Files\JetBrains\IntelliJ IDEA Community Edition 2024.1\jbr\bin\java.dll

Deoptimization events (0 events):
No events

Classes unloaded (0 events):
No events

Classes redefined (0 events):
No events

Internal exceptions (0 events):
No events

VM Operations (0 events):
No events

Events (0 events):
No events


Dynamic libraries:
0x00007ff783b50000 - 0x00007ff783b5a000 	C:\Program Files\JetBrains\IntelliJ IDEA Community Edition 2024.1\jbr\bin\java.exe
0x00007ff856750000 - 0x00007ff856967000 	C:\Windows\SYSTEM32\ntdll.dll
0x00007ff827770000 - 0x00007ff82778a000 	C:\Program Files\Avast Software\Avast\aswhook.dll
0x00007ff854480000 - 0x00007ff854544000 	C:\Windows\System32\KERNEL32.DLL
0x00007ff853c80000 - 0x00007ff854037000 	C:\Windows\System32\KERNELBASE.dll
0x00007ff853b30000 - 0x00007ff853c41000 	C:\Windows\System32\ucrtbase.dll
0x00007ff807330000 - 0x00007ff807347000 	C:\Program Files\JetBrains\IntelliJ IDEA Community Edition 2024.1\jbr\bin\jli.dll
0x00007ff839ce0000 - 0x00007ff839cfb000 	C:\Program Files\JetBrains\IntelliJ IDEA Community Edition 2024.1\jbr\bin\VCRUNTIME140.dll
0x00007ff854bd0000 - 0x00007ff854d7f000 	C:\Windows\System32\USER32.dll
0x00007ff853b00000 - 0x00007ff853b26000 	C:\Windows\System32\win32u.dll
0x00007ff843bb0000 - 0x00007ff843e43000 	C:\Windows\WinSxS\amd64_microsoft.windows.common-controls_6595b64144ccf1df_6.0.22621.3672_none_2713b9d173822955\COMCTL32.dll
0x00007ff8552f0000 - 0x00007ff855319000 	C:\Windows\System32\GDI32.dll
0x00007ff854e40000 - 0x00007ff854ee7000 	C:\Windows\System32\msvcrt.dll
0x00007ff854170000 - 0x00007ff854288000 	C:\Windows\System32\gdi32full.dll
0x00007ff853a60000 - 0x00007ff853afa000 	C:\Windows\System32\msvcp_win.dll
0x00007ff854f70000 - 0x00007ff854fa1000 	C:\Windows\System32\IMM32.DLL
0x00007ff8400a0000 - 0x00007ff8400ac000 	C:\Program Files\JetBrains\IntelliJ IDEA Community Edition 2024.1\jbr\bin\vcruntime140_1.dll
0x00007ff825e50000 - 0x00007ff825edd000 	C:\Program Files\JetBrains\IntelliJ IDEA Community Edition 2024.1\jbr\bin\msvcp140.dll
0x00007ff8056c0000 - 0x00007ff806342000 	C:\Program Files\JetBrains\IntelliJ IDEA Community Edition 2024.1\jbr\bin\server\jvm.dll
0x00007ff854d80000 - 0x00007ff854e32000 	C:\Windows\System32\ADVAPI32.dll
0x00007ff856660000 - 0x00007ff856708000 	C:\Windows\System32\sechost.dll
0x00007ff853c50000 - 0x00007ff853c78000 	C:\Windows\System32\bcrypt.dll
0x00007ff855070000 - 0x00007ff855184000 	C:\Windows\System32\RPCRT4.dll
0x00007ff853930000 - 0x00007ff85397d000 	C:\Windows\SYSTEM32\POWRPROF.dll
0x00007ff839a80000 - 0x00007ff839ab4000 	C:\Windows\SYSTEM32\WINMM.dll
0x00007ff84a660000 - 0x00007ff84a669000 	C:\Windows\SYSTEM32\WSOCK32.dll
0x00007ff850a50000 - 0x00007ff850a5a000 	C:\Windows\SYSTEM32\VERSION.dll
0x00007ff854550000 - 0x00007ff8545c1000 	C:\Windows\System32\WS2_32.dll
0x00007ff853910000 - 0x00007ff853923000 	C:\Windows\SYSTEM32\UMPDC.dll
0x00007ff852ab0000 - 0x00007ff852ac8000 	C:\Windows\SYSTEM32\kernel.appcore.dll
0x00007ff8367c0000 - 0x00007ff8367ca000 	C:\Program Files\JetBrains\IntelliJ IDEA Community Edition 2024.1\jbr\bin\jimage.dll
0x00007ff84ddb0000 - 0x00007ff84dfe2000 	C:\Windows\SYSTEM32\DBGHELP.DLL
0x00007ff855390000 - 0x00007ff85571e000 	C:\Windows\System32\combase.dll
0x00007ff854810000 - 0x00007ff8548e7000 	C:\Windows\System32\OLEAUT32.dll
0x00007ff84db80000 - 0x00007ff84dbb2000 	C:\Windows\SYSTEM32\dbgcore.DLL
0x00007ff854290000 - 0x00007ff85430b000 	C:\Windows\System32\bcryptPrimitives.dll
0x00007ff8076c0000 - 0x00007ff8076e5000 	C:\Program Files\JetBrains\IntelliJ IDEA Community Edition 2024.1\jbr\bin\java.dll

dbghelp: loaded successfully - version: 4.0.5 - missing functions: none
symbol engine: initialized successfully - sym options: 0x614 - pdb path: .;C:\Program Files\JetBrains\IntelliJ IDEA Community Edition 2024.1\jbr\bin;C:\Windows\SYSTEM32;C:\Program Files\Avast Software\Avast;C:\Windows\WinSxS\amd64_microsoft.windows.common-controls_6595b64144ccf1df_6.0.22621.3672_none_2713b9d173822955;C:\Program Files\JetBrains\IntelliJ IDEA Community Edition 2024.1\jbr\bin\server

VM Arguments:
java_command: git4idea.http.GitAskPassApp Username for 'https://github.com': 
java_class_path (initial): C:/Program Files/JetBrains/IntelliJ IDEA Community Edition 2024.1/plugins/vcs-git/lib/git4idea-rt.jar;C:/Program Files/JetBrains/IntelliJ IDEA Community Edition 2024.1/lib/externalProcess-rt.jar
Launcher Type: SUN_STANDARD

[Global flags]
     intx CICompilerCount                          = 3                                         {product} {ergonomic}
     uint ConcGCThreads                            = 1                                         {product} {ergonomic}
     uint G1ConcRefinementThreads                  = 4                                         {product} {ergonomic}
   size_t G1HeapRegionSize                         = 1048576                                   {product} {ergonomic}
    uintx GCDrainStackTargetSize                   = 64                                        {product} {ergonomic}
   size_t InitialHeapSize                          = 134217728                                 {product} {ergonomic}
   size_t MarkStackSize                            = 4194304                                   {product} {ergonomic}
   size_t MaxHeapSize                              = 2120220672                                {product} {ergonomic}
   size_t MinHeapDeltaBytes                        = 1048576                                   {product} {ergonomic}
   size_t MinHeapSize                              = 8388608                                   {product} {ergonomic}
    uintx NonNMethodCodeHeapSize                   = 5832780                                {pd product} {ergonomic}
    uintx NonProfiledCodeHeapSize                  = 122912730                              {pd product} {ergonomic}
    uintx ProfiledCodeHeapSize                     = 122912730                              {pd product} {ergonomic}
    uintx ReservedCodeCacheSize                    = 251658240                              {pd product} {ergonomic}
     bool SegmentedCodeCache                       = true                                      {product} {ergonomic}
   size_t SoftMaxHeapSize                          = 2120220672                             {manageable} {ergonomic}
     bool UseCompressedClassPointers               = true                           {product lp64_product} {ergonomic}
     bool UseCompressedOops                        = true                           {product lp64_product} {ergonomic}
     bool UseG1GC                                  = true                                      {product} {ergonomic}
     bool UseLargePagesIndividualAllocation        = false                                  {pd product} {ergonomic}

Logging:
Log output configuration:
 #0: stdout all=warning uptime,level,tags
 #1: stderr all=off uptime,level,tags

Environment Variables:
PATH=C:\Program Files\Git\mingw64\libexec\git-core;C:\Program Files\Git\mingw64\libexec\git-core;C:\Program Files\Git\mingw64\bin;C:\Program Files\Git\usr\bin;C:\Users\itidol\bin;C:\Python312\Scripts;C:\Python312;C:\Windows\system32;C:\Windows;C:\Windows\System32\Wbem;C:\Windows\System32\WindowsPowerShell\v1.0;C:\Windows\System32\OpenSSH;C:\Program Files\Git\cmd;C:\ProgramData\chocolatey\bin;C:\Program Files\nodejs;C:\Users\itidol\AppData\Roaming\npm;C:\Program Files\nodejs;C:\Program Files\Docker\Docker\resources\bin;C:\Python312\Scripts;C:\Program Files\MySQL\MySQL Shell 8.0\bin;C:\Users\itidol\AppData\Local\Microsoft\WindowsApps;C:\Users\itidol\AppData\Local\Programs\Microsoft VS Code\bin;C:\Users\itidol\Downloads\flutter_windows_3.16.9-stable\flutter\bin;C:\Users\itidol\AppData\Roaming\npm;C:\Program Files\nodejs;C:\Users\itidol\AppData\Local\GitHubDesktop\bin;C:\Program Files\JetBrains\PyCharm Community Edition 2024.1\bin;C:\Program Files\JetBrains\IntelliJ IDEA 2024.1new\bin
USERNAME=itidol
DISPLAY=:0.0
LC_ALL=en_US.UTF-8
TERM=xterm-256color
TMPDIR=C:\Users\itidol\AppData\Local\Temp
OS=Windows_NT
PROCESSOR_IDENTIFIER=Intel64 Family 6 Model 94 Stepping 3, GenuineIntel
TMP=C:\Users\itidol\AppData\Local\Temp
TEMP=C:\Users\itidol\AppData\Local\Temp



Periodic native trim disabled

JNI global refs:
JNI global refs: 0, weak refs: 0

JNI global refs memory usage: 0, weak refs: 0

OOME stack traces (most recent first):
Classloader memory used:


---------------  S Y S T E M  ---------------

OS:
 Windows 11 , 64 bit Build 22621 (10.0.22621.3958)
OS uptime: 6 days 19:26 hours
Hyper-V role detected

CPU: total 4 (initial active 4) (4 cores per cpu, 1 threads per core) family 6 model 94 stepping 3 microcode 0xd6, cx8, cmov, fxsr, mmx, 3dnowpref, sse, sse2, sse3, ssse3, sse4.1, sse4.2, popcnt, lzcnt, tsc, tscinvbit, avx, avx2, aes, erms, clmul, bmi1, bmi2, rtm, adx, fma, vzeroupper, clflush, clflushopt, hv
Processor Information for all 4 processors :
  Max Mhz: 3192, Current Mhz: 3192, Mhz Limit: 3192

Memory: 4k page, system-wide physical 8082M (1178M free)
TotalPageFile size 13577M (AvailPageFile size 44M)
current process WorkingSet (physical memory assigned to process): 11M, peak: 11M
current process commit charge ("private bytes"): 52M, peak: 180M

vm_info: OpenJDK 64-Bit Server VM (17.0.10+8-b1207.12) for windows-amd64 JRE (17.0.10+8-b1207.12), built on 2024-03-15 by "builduser" with MS VC++ 16.10 / 16.11 (VS2019)

END.
